\BOOKMARK [0][-]{chapter.1}{\376\377\000I\000n\000t\000r\000o\000d\000u\000c\000c\000i\000\363\000n}{}% 1
\BOOKMARK [1][-]{section.1.1}{\376\377\000M\000o\000t\000i\000v\000a\000c\000i\000o\000n}{chapter.1}% 2
\BOOKMARK [1][-]{section.1.2}{\376\377\000O\000b\000j\000e\000t\000i\000v\000o\000s}{chapter.1}% 3
\BOOKMARK [1][-]{section.1.3}{\376\377\000C\000o\000m\000p\000e\000t\000e\000n\000c\000i\000a\000s\000\040\000d\000e\000\040\000l\000a\000\040\000I\000n\000t\000e\000n\000s\000i\000f\000i\000c\000a\000c\000i\000\363\000n}{chapter.1}% 4
\BOOKMARK [1][-]{section.1.4}{\376\377\000E\000s\000t\000r\000u\000c\000t\000u\000r\000a\000\040\000d\000e\000l\000\040\000P\000r\000o\000y\000e\000c\000t\000o}{chapter.1}% 5
\BOOKMARK [0][-]{chapter.2}{\376\377\000A\000n\000t\000e\000c\000e\000d\000e\000n\000t\000e\000s}{}% 6
\BOOKMARK [1][-]{section.2.1}{\376\377\000\301\000m\000b\000i\000t\000o\000\040\000d\000e\000\040\000l\000a\000\040\000o\000b\000r\000a\000\040\000p\000\372\000b\000l\000i\000c\000a\000\040\000e\000n\000\040\000e\000l\000\040\000s\000e\000c\000t\000o\000r\000\040\000a\000e\000r\000o\000p\000o\000r\000t\000u\000a\000r\000i\000o}{chapter.2}% 7
\BOOKMARK [2][-]{subsection.2.1.1}{\376\377\000M\000a\000r\000c\000o\000\040\000a\000d\000m\000i\000n\000i\000s\000t\000r\000a\000t\000i\000v\000o\000\040\000y\000\040\000l\000i\000c\000i\000t\000a\000c\000i\000\363\000n\000\040\000p\000\372\000b\000l\000i\000c\000a}{section.2.1}% 8
\BOOKMARK [2][-]{subsection.2.1.2}{\376\377\000G\000e\000s\000t\000i\000o\000n\000e\000s\000\040\000a\000d\000m\000i\000n\000i\000s\000t\000r\000a\000t\000i\000v\000a\000s\000\040\000e\000n\000\040\000e\000n\000t\000o\000r\000n\000o\000s\000\040\000a\000e\000r\000o\000p\000o\000r\000t\000u\000a\000r\000i\000o\000s}{section.2.1}% 9
\BOOKMARK [1][-]{section.2.2}{\376\377\000E\000n\000t\000o\000r\000n\000o\000\040\000d\000i\000g\000i\000t\000a\000l\000\040\000d\000e\000l\000\040\000s\000e\000c\000t\000o\000r}{chapter.2}% 10
\BOOKMARK [2][-]{subsection.2.2.1}{\376\377\000D\000e\000u\000d\000a\000\040\000t\000\351\000c\000n\000i\000c\000a\000\040\000d\000e\000l\000\040\000s\000e\000c\000t\000o\000r}{section.2.2}% 11
\BOOKMARK [2][-]{subsection.2.2.2}{\376\377\000S\000o\000l\000u\000c\000i\000o\000n\000e\000s\000\040\000s\000o\000f\000t\000w\000a\000r\000e\000\040\000d\000e\000l\000\040\000s\000e\000c\000t\000o\000r}{section.2.2}% 12
\BOOKMARK [1][-]{section.2.3}{\376\377\000C\000o\000n\000c\000l\000u\000s\000i\000o\000n\000e\000s}{chapter.2}% 13
\BOOKMARK [0][-]{chapter.3}{\376\377\000P\000r\000o\000p\000u\000e\000s\000t\000a\000\040\000d\000e\000\040\000S\000o\000l\000u\000c\000i\000\363\000n}{}% 14
\BOOKMARK [1][-]{section.3.1}{\376\377\000P\000r\000i\000m\000e\000r\000a\000s\000\040\000a\000p\000r\000o\000x\000i\000m\000a\000c\000i\000o\000n\000e\000s\000\040\000y\000\040\000a\000l\000t\000e\000r\000n\000a\000t\000i\000v\000a\000s\000\040\000d\000e\000s\000c\000a\000r\000t\000a\000d\000a\000s}{chapter.3}% 15
\BOOKMARK [1][-]{section.3.2}{\376\377\000M\000e\000t\000o\000d\000o\000l\000o\000g\000\355\000a}{chapter.3}% 16
\BOOKMARK [2][-]{subsection.3.2.1}{\376\377\000E\000l\000e\000c\000c\000i\000\363\000n\000\040\000d\000e\000\040\000l\000a\000\040\000m\000e\000t\000o\000d\000o\000l\000o\000g\000\355\000a}{section.3.2}% 17
\BOOKMARK [2][-]{subsection.3.2.2}{\376\377\000A\000d\000a\000p\000t\000a\000c\000i\000\363\000n\000\040\000d\000e\000\040\000l\000a\000\040\000m\000e\000t\000o\000d\000o\000l\000o\000g\000\355\000a}{section.3.2}% 18
\BOOKMARK [2][-]{subsection.3.2.3}{\376\377\000P\000l\000a\000n\000i\000f\000i\000c\000a\000c\000i\000\363\000n\000\040\000i\000n\000i\000c\000i\000a\000l}{section.3.2}% 19
\BOOKMARK [1][-]{section.3.3}{\376\377\000H\000e\000r\000r\000a\000m\000i\000e\000n\000t\000a\000s\000\040\000u\000t\000i\000l\000i\000z\000a\000d\000a\000s}{chapter.3}% 20
\BOOKMARK [2][-]{subsection.3.3.1}{\376\377\000H\000e\000r\000r\000a\000m\000i\000e\000n\000t\000a\000s\000\040\000p\000a\000r\000a\000\040\000l\000a\000\040\000g\000e\000s\000t\000i\000\363\000n\000\040\000d\000e\000l\000\040\000p\000r\000o\000y\000e\000c\000t\000o}{section.3.3}% 21
\BOOKMARK [2][-]{subsection.3.3.2}{\376\377\000H\000e\000r\000r\000a\000m\000i\000e\000n\000t\000a\000s\000\040\000p\000a\000r\000a\000\040\000e\000l\000\040\000d\000e\000s\000a\000r\000r\000o\000l\000l\000o\000\040\000d\000e\000l\000\040\000p\000r\000o\000y\000e\000c\000t\000o}{section.3.3}% 22
\BOOKMARK [2][-]{subsection.3.3.3}{\376\377\000H\000e\000r\000r\000a\000m\000i\000e\000n\000t\000a\000s\000\040\000p\000a\000r\000a\000\040\000l\000a\000\040\000d\000o\000c\000u\000m\000e\000n\000t\000a\000c\000i\000\363\000n\000\040\000d\000e\000l\000\040\000p\000r\000o\000y\000e\000c\000t\000o}{section.3.3}% 23
\BOOKMARK [0][-]{appendix.A}{\376\377\000T\000e\000c\000n\000o\000l\000o\000g\000\355\000a\000s\000\040\000y\000\040\000A\000r\000q\000u\000i\000t\000e\000c\000t\000u\000r\000a\000\040\000d\000e\000\040\000l\000a\000\040\000S\000o\000l\000u\000c\000i\000\363\000n}{}% 24
\BOOKMARK [1][-]{section.A.1}{\376\377\000A\000u\000t\000o\000m\000a\000t\000i\000z\000a\000c\000i\000o\000n\000e\000s}{appendix.A}% 25
\BOOKMARK [2][-]{subsection.A.1.1}{\376\377\000T\000i\000p\000o\000s\000\040\000d\000e\000\040\000A\000u\000t\000o\000m\000a\000t\000i\000z\000a\000c\000i\000o\000n\000e\000s}{section.A.1}% 26
\BOOKMARK [2][-]{subsection.A.1.2}{\376\377\000H\000e\000r\000r\000a\000m\000i\000e\000n\000t\000a\000\040\000e\000l\000e\000g\000i\000d\000a}{section.A.1}% 27
\BOOKMARK [1][-]{section.A.2}{\376\377\000B\000a\000s\000e\000\040\000d\000e\000\040\000D\000a\000t\000o\000s}{appendix.A}% 28
\BOOKMARK [2][-]{subsection.A.2.1}{\376\377\000M\000o\000d\000e\000l\000o\000\040\000d\000e\000\040\000b\000a\000s\000e\000\040\000d\000e\000\040\000d\000a\000t\000o\000s}{section.A.2}% 29
\BOOKMARK [2][-]{subsection.A.2.2}{\376\377\000A\000l\000o\000j\000a\000m\000i\000e\000n\000t\000o}{section.A.2}% 30
\BOOKMARK [2][-]{subsection.A.2.3}{\376\377\000E\000l\000e\000c\000c\000i\000\363\000n\000\040\000t\000e\000c\000n\000o\000l\000\363\000g\000i\000c\000a}{section.A.2}% 31
\BOOKMARK [1][-]{section.A.3}{\376\377\000F\000r\000o\000n\000t\000e\000n\000d\000\040\000\050\000I\000n\000t\000e\000r\000f\000a\000z\000\040\000d\000e\000\040\000U\000s\000u\000a\000r\000i\000o\000\051}{appendix.A}% 32
\BOOKMARK [2][-]{subsection.A.3.1}{\376\377\000P\000a\000r\000a\000d\000i\000g\000m\000a\000s\000\040\000d\000e\000\040\000A\000r\000q\000u\000i\000t\000e\000c\000t\000u\000r\000a\000\040\000W\000e\000b}{section.A.3}% 33
\BOOKMARK [2][-]{subsection.A.3.2}{\376\377\000T\000e\000c\000n\000o\000l\000o\000g\000\355\000a\000s\000\040\000y\000\040\000F\000r\000a\000m\000e\000w\000o\000r\000k\000s}{section.A.3}% 34
\BOOKMARK [2][-]{subsection.A.3.3}{\376\377\000E\000l\000e\000c\000c\000i\000\363\000n\000\040\000t\000e\000c\000n\000o\000l\000\363\000g\000i\000c\000a}{section.A.3}% 35
\BOOKMARK [1][-]{section.A.4}{\376\377\000B\000a\000c\000k\000e\000n\000d\000\040\000\050\000L\000\363\000g\000i\000c\000a\000\040\000d\000e\000\040\000S\000e\000r\000v\000i\000d\000o\000r\000\040\000y\000\040\000A\000P\000I\000\051}{appendix.A}% 36
\BOOKMARK [2][-]{subsection.A.4.1}{\376\377\000L\000e\000n\000g\000u\000a\000j\000e\000s\000\040\000y\000\040\000E\000n\000t\000o\000r\000n\000o\000s\000\040\000d\000e\000\040\000E\000j\000e\000c\000u\000c\000i\000\363\000n}{section.A.4}% 37
\BOOKMARK [2][-]{subsection.A.4.2}{\376\377\000E\000l\000e\000c\000c\000i\000\363\000n\000\040\000t\000e\000c\000n\000o\000l\000\363\000g\000i\000c\000a}{section.A.4}% 38
\BOOKMARK [0][-]{appendix.B}{\376\377\000D\000e\000s\000a\000r\000r\000o\000l\000l\000o\000\040\000d\000e\000l\000\040\000p\000r\000o\000y\000e\000c\000t\000o}{}% 39
\BOOKMARK [1][-]{section.B.1}{\376\377\000S\000p\000r\000i\000n\000t\000\040\0001\000:\000\040\000I\000n\000v\000e\000s\000t\000i\000g\000a\000c\000i\000\363\000n\000\040\000d\000e\000l\000\040\000s\000e\000c\000t\000o\000r\000\040\000e\000\040\000i\000n\000v\000e\000s\000t\000i\000g\000a\000c\000i\000\363\000n\000\040\000t\000e\000c\000n\000o\000l\000\363\000g\000i\000c\000a}{appendix.B}% 40
\BOOKMARK [2][-]{subsection.B.1.1}{\376\377\000D\000u\000r\000a\000c\000i\000\363\000n\000\040\000y\000\040\000o\000b\000j\000e\000t\000i\000v\000o\000s\000\040\000d\000e\000l\000\040\000S\000p\000r\000i\000n\000t}{section.B.1}% 41
\BOOKMARK [2][-]{subsection.B.1.2}{\376\377\000D\000e\000s\000a\000r\000r\000o\000l\000l\000o\000\040\000d\000e\000l\000\040\000S\000p\000r\000i\000n\000t}{section.B.1}% 42
\BOOKMARK [2][-]{subsection.B.1.3}{\376\377\000R\000e\000u\000n\000i\000\363\000n\000\040\000d\000e\000l\000\040\000s\000p\000r\000i\000n\000t}{section.B.1}% 43
\BOOKMARK [2][-]{subsection.B.1.4}{\376\377\000R\000e\000u\000n\000i\000\363\000n\000\040\000d\000e\000\040\000r\000e\000t\000r\000o\000s\000p\000e\000c\000t\000i\000v\000a}{section.B.1}% 44
\BOOKMARK [0][-]{appendix.C}{\376\377\000D\000i\000a\000g\000r\000a\000m\000a\000s\000\040\000y\000\040\000e\000s\000q\000u\000e\000m\000a\000s}{}% 45
\BOOKMARK [1][-]{section.C.1}{\376\377\000D\000i\000a\000g\000r\000a\000m\000a\000\040\000d\000e\000\040\000p\000r\000o\000c\000e\000s\000o\000s\000\040\000d\000e\000\040\000l\000i\000c\000i\000t\000a\000c\000i\000\363\000n}{appendix.C}% 46
\BOOKMARK [0][-]{appendix*.16}{\376\377\000G\000l\000o\000s\000a\000r\000i\000o\000\040\000d\000e\000\040\000T\000\351\000r\000m\000i\000n\000o\000s}{}% 47
\BOOKMARK [0][-]{appendix*.17}{\376\377\000R\000e\000f\000e\000r\000e\000n\000c\000i\000a\000\040\000b\000i\000b\000l\000i\000o\000g\000r\000\341\000f\000i\000c\000a}{}% 48
